<?xml version="1.0" encoding="UTF-8"?>
<testsuite name="SimpleTest" tests="1" skipped="0" failures="0" errors="0" timestamp="2023-11-24T21:46:29" hostname="JORIS" time="0.025">
  <properties/>
  <testcase name="TestAddition()" classname="SimpleTest" time="0.025"/>
  <system-out><![CDATA[]]></system-out>
  <system-err><![CDATA[]]></system-err>
</testsuite>
